make all --print-data-base --no-builtin-variables --no-builtin-rules --question
make: *** No rule to make target 'all'.  Stop.

# GNU Make 4.2.1
# Built for x86_64-pc-linux-gnu
# Copyright (C) 1988-2016 Free Software Foundation, Inc.
# License GPLv3+: GNU GPL version 3 or later <http://gnu.org/licenses/gpl.html>
# This is free software: you are free to change and redistribute it.
# There is NO WARRANTY, to the extent permitted by law.

# Make data base, printed on Sun May  8 11:55:43 2022

# Variables

# 'override' directive
GNUMAKEFLAGS := 
# automatic
<D = $(patsubst %/,%,$(dir $<))
# automatic
?F = $(notdir $?)
# environment
DESKTOP_SESSION = ubuntu
# default
.SHELLFLAGS := -c
# makefile (from 'Makefile', line 11)
OBJ := ./obj/adaptertrimmer.o ./obj/genotype.o ./obj/threadconfig.o ./obj/writerthread.o ./obj/sequence.o ./obj/edlib.o ./obj/basecorrector.o ./obj/unittest.o ./obj/filterresult.o ./obj/htmlreporterall.o ./obj/processor.o ./obj/snpscanner.o ./obj/fastareader.o ./obj/jsonreporter.o ./obj/read.o ./obj/overlapanalysis.o ./obj/primerTrimmer.o ./obj/stats.o ./obj/writer.o ./obj/umiprocessor.o ./obj/peprocessor.o ./obj/polyx.o ./obj/duplicate.o ./obj/ssrscanner.o ./obj/fastqreader.o ./obj/nucleotidetree.o ./obj/evaluator.o ./obj/options.o ./obj/main.o ./obj/seprocessor.o ./obj/htmlreporter.o ./obj/filter.o ./obj/editdistance.o
# environment
XDG_SESSION_CLASS = user
# makefile (from 'Makefile', line 10)
SRC := ./src/adaptertrimmer.cpp ./src/genotype.cpp ./src/threadconfig.cpp ./src/writerthread.cpp ./src/sequence.cpp ./src/edlib.cpp ./src/basecorrector.cpp ./src/unittest.cpp ./src/filterresult.cpp ./src/htmlreporterall.cpp ./src/processor.cpp ./src/snpscanner.cpp ./src/fastareader.cpp ./src/jsonreporter.cpp ./src/read.cpp ./src/overlapanalysis.cpp ./src/primerTrimmer.cpp ./src/stats.cpp ./src/writer.cpp ./src/umiprocessor.cpp ./src/peprocessor.cpp ./src/polyx.cpp ./src/duplicate.cpp ./src/ssrscanner.cpp ./src/fastqreader.cpp ./src/nucleotidetree.cpp ./src/evaluator.cpp ./src/options.cpp ./src/main.cpp ./src/seprocessor.cpp ./src/htmlreporter.cpp ./src/filter.cpp ./src/editdistance.cpp
# makefile (from 'Makefile', line 20)
LD_FLAGS :=  -lz -lpthread 
# environment
XDG_SESSION_TYPE = x11
# environment
VSCODE_LOG_NATIVE = false
# makefile (from 'Makefile', line 13)
TARGET := seq2sat
# automatic
?D = $(patsubst %/,%,$(dir $?))
# environment
IM_CONFIG_PHASE = 1
# makefile (from 'Makefile', line 2)
DIR_SRC := ./src
# automatic
@D = $(patsubst %/,%,$(dir $@))
# environment
XAUTHORITY = /run/user/1000/gdm/Xauthority
# environment
GDMSESSION = ubuntu
# environment
XMODIFIERS = @im=ibus
# makefile
CURDIR := /home/peng/NetBeansProjects/ssr/Seq2Sat
# makefile
SHELL = /bin/sh
# environment
VSCODE_NLS_CONFIG = {"locale":"en-gb","availableLanguages":{},"_languagePackSupport":true}
# environment
_ = /usr/share/code/code
# environment
JOURNAL_STREAM = 8:57609
# environment
XDG_CONFIG_DIRS = /etc/xdg/xdg-ubuntu:/etc/xdg
# makefile (from 'Makefile', line 1)
MAKEFILE_LIST :=  Makefile
# automatic
@F = $(notdir $@)
# environment
GIO_LAUNCHED_DESKTOP_FILE = /usr/share/applications/code.desktop
# environment
USERNAME = peng
# makefile (from 'Makefile', line 18)
CXXFLAGS := -std=c++11 -g -O3 -I./inc  
# environment
XDG_DATA_DIRS = /usr/share/ubuntu:/usr/local/share/:/usr/share/:/var/lib/snapd/desktop
# environment
DBUS_SESSION_BUS_ADDRESS = unix:path=/run/user/1000/bus
# environment
VSCODE_VERBOSE_LOGGING = true
# environment
MANAGERPID = 1761
# environment
LESSOPEN = | /usr/bin/lesspipe %s
# environment
VSCODE_CWD = /home/peng
# makefile (from 'Makefile', line 7)
INCLUDE_DIRS = 
# default
MAKE_HOST := x86_64-pc-linux-gnu
# environment
PATH = /home/peng/.local/bin:/home/peng/anaconda3/bin:/home/peng/anaconda3/condabin:/home/peng/.local/bin:/usr/local/sbin:/usr/local/bin:/usr/sbin:/usr/bin:/sbin:/bin:/usr/games:/usr/local/games:/snap/bin
# environment
GPG_AGENT_INFO = /run/user/1000/gnupg/S.gpg-agent:0:1
# environment
SESSION_MANAGER = local/peng-OptiPlex-7050:@/tmp/.ICE-unix/2608,unix/peng-OptiPlex-7050:/tmp/.ICE-unix/2608
# environment
XDG_RUNTIME_DIR = /run/user/1000
# environment
CONDA_PREFIX = /home/peng/anaconda3
# environment
XDG_MENU_PREFIX = gnome-
# environment
VSCODE_LOG_STACK = false
# environment
VSCODE_CRASH_REPORTER_START_OPTIONS = {"companyName":"Microsoft","productName":"VSCode","submitURL":"appcenter://code?aid=fba07a4d-84bd-4fc8-a125-9640fc8ce171&uid=9f3a5c9e-de4f-4934-a98d-682c91b22940&iid=9f3a5c9e-de4f-4934-a98d-682c91b22940&sid=9f3a5c9e-de4f-4934-a98d-682c91b22940","uploadToServer":true}
# environment
INVOCATION_ID = 5b8ced61113b437cb8a299586b44da40
# default
.FEATURES := target-specific order-only second-expansion else-if shortest-stem undefine oneshell archives jobserver output-sync check-symlink load
# environment
LS_COLORS = 
# environment
XDG_SESSION_DESKTOP = ubuntu
# environment
SSH_AUTH_SOCK = /run/user/1000/keyring/ssh
# environment
GIO_LAUNCHED_DESKTOP_FILE_PID = 9762
# automatic
%F = $(notdir $%)
# environment
DISPLAY = :0
# environment
CONDA_EXE = /home/peng/anaconda3/bin/conda
# environment
VSCODE_PIPE_LOGGING = true
# environment
PWD = /home/peng/NetBeansProjects/ssr/Seq2Sat
# default
.LOADED := 
# environment
SSH_AGENT_PID = 2570
# makefile (from 'Makefile', line 8)
LIBRARY_DIRS = 
# environment
ORIGINAL_XDG_CURRENT_DESKTOP = ubuntu:GNOME
# makefile (from 'Makefile', line 1)
DIR_INC := ./inc
# environment
GTK_MODULES = gail:atk-bridge
# environment
VSCODE_AMD_ENTRYPOINT = vs/workbench/services/extensions/node/extensionHostProcess
# environment
HOME = /home/peng
# environment
LESSCLOSE = /usr/bin/lesspipe %s %s
# environment
VSCODE_CODE_CACHE_PATH = /home/peng/.config/Code/CachedData/899d46d82c4c95423fb7e10e68eba52050e30ba3
# environment
LOGNAME = peng
# environment
APPLICATION_INSIGHTS_NO_DIAGNOSTIC_CHANNEL = true
# environment
CONDA_PROMPT_MODIFIER = (base) 
# makefile (from 'Makefile', line 5)
PREFIX = /usr/local
# makefile (from 'Makefile', line 15)
BIN_TARGET := seq2sat
# environment
VSCODE_HANDLES_UNCAUGHT_ERRORS = true
# environment
GNOME_DESKTOP_SESSION_ID = this-is-deprecated
# automatic
^D = $(patsubst %/,%,$(dir $^))
# environment
MAKELEVEL := 0
# environment
CONDA_DEFAULT_ENV = base
# default
MAKE = $(MAKE_COMMAND)
# default
MAKECMDGOALS := all
# environment
QT_IM_MODULE = ibus
# environment
SHLVL = 0
# makefile (from 'Makefile', line 6)
BINDIR = $(PREFIX)/bin
# environment
GNOME_SHELL_SESSION_MODE = ubuntu
# environment
VSCODE_IPC_HOOK_EXTHOST = /run/user/1000/vscode-ipc-057bbc46-0715-4e8a-93fa-6675c1b6f854.sock
# default
MAKE_VERSION := 4.2.1
# environment
USER = peng
# makefile
.DEFAULT_GOAL := seq2sat
# environment
XDG_CURRENT_DESKTOP = Unity
# automatic
%D = $(patsubst %/,%,$(dir $%))
# makefile (from 'Makefile', line 3)
DIR_OBJ := ./obj
# environment
CONDA_SHLVL = 1
# default
MAKE_COMMAND := make
# environment
_WSREP_START_POSITION = 
# default
.VARIABLES := 
# automatic
*F = $(notdir $*)
# environment
LANGUAGE = en_CA:en
# environment
VSCODE_IPC_HOOK = /run/user/1000/vscode-951836cf-1.63.2-main.sock
# makefile
MAKEFLAGS = pqrR
# environment
MFLAGS = -pqrR
# automatic
*D = $(patsubst %/,%,$(dir $*))
# environment
BREAKPAD_DUMP_LOCATION = /home/peng/.config/Code/exthost Crash Reports
# automatic
+D = $(patsubst %/,%,$(dir $+))
# environment
GDK_BACKEND = x11
# automatic
+F = $(notdir $+)
# environment
QT_ACCESSIBILITY = 1
# default
MAKEFILES := 
# automatic
<F = $(notdir $<)
# environment
ELECTRON_RUN_AS_NODE = 1
# makefile (from 'Makefile', line 17)
CXX = g++
# environment
LC_ALL = C
# environment
CONDA_PYTHON_EXE = /home/peng/anaconda3/bin/python
# environment
GJS_DEBUG_TOPICS = JS ERROR;JS LOG
# makefile (from 'Makefile', line 19)
LIBS := -lz -lpthread
# automatic
^F = $(notdir $^)
# default
SUFFIXES := 
# environment
_CE_M = 
# environment
CHROME_DESKTOP = code-url-handler.desktop
# environment
WINDOWPATH = 2
# default
.INCLUDE_DIRS = /usr/include /usr/local/include /usr/include
# environment
GJS_DEBUG_OUTPUT = stderr
# default
.RECIPEPREFIX := 
# environment
LANG = C
# environment
VSCODE_PID = 9762
# environment
_CE_CONDA = 
# variable set hash-table stats:
# Load=124/1024=12%, Rehash=0, Collisions=20/168=12%

# Pattern-specific Variable Values

# No pattern-specific variable values.

# Directories

# . (device 2053, inode 95469734): 11 files, no impossibilities.
# ./src (device 2053, inode 95469748): 72 files, no impossibilities.
# src (device 2053, inode 95469748): 72 files, no impossibilities.

# 155 files, no impossibilities in 3 directories.

# Implicit Rules

obj/%.o: src/%.cpp make_obj_dir
#  recipe to execute (from 'Makefile', line 27):
	$(CXX) -c $< -o $@ $(CXXFLAGS)

# 1 implicit rules, 0 (0.0%) terminal.

# Files

# Not a target:
obj/read.o:
#  Implicit rule search has not been done.
#  Modification time never checked.
#  File has not been updated.

# Not a target:
obj/writerthread.o:
#  Implicit rule search has not been done.
#  Modification time never checked.
#  File has not been updated.

# Not a target:
obj/ssrscanner.o:
#  Implicit rule search has not been done.
#  Modification time never checked.
#  File has not been updated.

# Not a target:
all:
#  Command line target.
#  Implicit rule search has been done.
#  File does not exist.
#  File has not been updated.

# Not a target:
obj/evaluator.o:
#  Implicit rule search has not been done.
#  Modification time never checked.
#  File has not been updated.

# Not a target:
obj/processor.o:
#  Implicit rule search has not been done.
#  Modification time never checked.
#  File has not been updated.

# Not a target:
obj/seprocessor.o:
#  Implicit rule search has not been done.
#  Modification time never checked.
#  File has not been updated.

.PHONY: clean
#  Implicit rule search has not been done.
#  Modification time never checked.
#  File has not been updated.

# Not a target:
obj/umiprocessor.o:
#  Implicit rule search has not been done.
#  Modification time never checked.
#  File has not been updated.

# Not a target:
obj/filter.o:
#  Implicit rule search has not been done.
#  Modification time never checked.
#  File has not been updated.

# Not a target:
obj/htmlreporter.o:
#  Implicit rule search has not been done.
#  Modification time never checked.
#  File has not been updated.

# Not a target:
obj/adaptertrimmer.o:
#  Implicit rule search has not been done.
#  Modification time never checked.
#  File has not been updated.

# Not a target:
obj/main.o:
#  Implicit rule search has not been done.
#  Modification time never checked.
#  File has not been updated.

# Not a target:
obj/options.o:
#  Implicit rule search has not been done.
#  Modification time never checked.
#  File has not been updated.

# Not a target:
obj/filterresult.o:
#  Implicit rule search has not been done.
#  Modification time never checked.
#  File has not been updated.

# Not a target:
obj/basecorrector.o:
#  Implicit rule search has not been done.
#  Modification time never checked.
#  File has not been updated.

# Not a target:
Makefile:
#  Implicit rule search has been done.
#  Last modified 2022-05-04 13:07:25.20851199
#  File has been updated.
#  Successfully updated.

# Not a target:
obj/stats.o:
#  Implicit rule search has not been done.
#  Modification time never checked.
#  File has not been updated.

# Not a target:
obj/htmlreporterall.o:
 
#  Implicit rule search has not been done.
#  Modification time never checked.
#  File has not been updated.

seq2sat: obj/adaptertrimmer.o obj/genotype.o obj/threadconfig.o obj/writerthread.o obj/sequence.o obj/edlib.o obj/basecorrector.o obj/unittest.o obj/filterresult.o obj/htmlreporterall.o obj/processor.o obj/snpscanner.o obj/fastareader.o obj/jsonreporter.o obj/read.o obj/overlapanalysis.o obj/primerTrimmer.o obj/stats.o obj/writer.o obj/umiprocessor.o obj/peprocessor.o obj/polyx.o obj/duplicate.o obj/ssrscanner.o obj/fastqreader.o obj/nucleotidetree.o obj/evaluator.o obj/options.o obj/main.o obj/seprocessor.o obj/htmlreporter.o obj/filter.o obj/editdistance.o
#  Implicit rule search has not been done.
#  Modification time never checked.
#  File has not been updated.
#  recipe to execute (from 'Makefile', line 24):
	$(CXX) $(OBJ) -o $@ $(LD_FLAGS)

# Not a target:
obj/nucleotidetree.o:
#  Implicit rule search has not been done.
#  Modification time never checked.
#  File has not been updated.

# Not a target:
obj/writer.o:
#  Implicit rule search has not been done.
#  Modification time never checked.
#  File has not been updated.

# Not a target:
obj/overlapanalysis.o:
#  Implicit rule search has not been done.
#  Modification time never checked.
#  File has not been updated.

# Not a target:
.DEFAULT:
#  Implicit rule search has not been done.
#  Modification time never checked.
#  File has not been updated.

# Not a target:
obj/fastareader.o:
#  Implicit rule search has not been done.
#  Modification time never checked.
#  File has not been updated.

# Not a target:
obj/duplicate.o:
#  Implicit rule search has not been done.
#  Modification time never checked.
#  File has not been updated.

# Not a target:
obj/unittest.o:
#  Implicit rule search has not been done.
#  Modification time never checked.
#  File has not been updated.

clean:
#  Phony target (prerequisite of .PHONY).
#  Implicit rule search has not been done.
#  File does not exist.
#  File has not been updated.
#  recipe to execute (from 'Makefile', line 31):
	@if test -d $(DIR_OBJ) ; \
	then \
		find $(DIR_OBJ) -name *.o -delete; \
	fi
	@if test -e $(TARGET) ; \
	then \
		rm $(TARGET) ; \
	fi

# Not a target:
obj/jsonreporter.o:
#  Implicit rule search has not been done.
#  Modification time never checked.
#  File has not been updated.

# Not a target:
obj/fastqreader.o:
#  Implicit rule search has not been done.
#  Modification time never checked.
#  File has not been updated.

# Not a target:
obj/peprocessor.o:
#  Implicit rule search has not been done.
#  Modification time never checked.
#  File has not been updated.

# Not a target:
obj/primerTrimmer.o:
#  Implicit rule search has not been done.
#  Modification time never checked.
#  File has not been updated.

# Not a target:
obj/threadconfig.o:
#  Implicit rule search has not been done.
#  Modification time never checked.
#  File has not been updated.

install:
#  Implicit rule search has not been done.
#  Modification time never checked.
#  File has not been updated.
#  recipe to execute (from 'Makefile', line 47):
	install $(TARGET) $(BINDIR)/$(TARGET)
	@echo "Installed."

# Not a target:
obj/snpscanner.o:
#  Implicit rule search has not been done.
#  Modification time never checked.
#  File has not been updated.

# Not a target:
obj/polyx.o:
#  Implicit rule search has not been done.
#  Modification time never checked.
#  File has not been updated.

# Not a target:
obj/editdistance.o:
#  Implicit rule search has not been done.
#  Modification time never checked.
#  File has not been updated.

# Not a target:
obj/sequence.o:
#  Implicit rule search has not been done.
#  Modification time never checked.
#  File has not been updated.

# Not a target:
obj/genotype.o:
#  Implicit rule search has not been done.
#  Modification time never checked.
#  File has not been updated.

make_obj_dir:
#  Implicit rule search has not been done.
#  Modification time never checked.
#  File has not been updated.
#  recipe to execute (from 'Makefile', line 41):
	@if test ! -d $(DIR_OBJ) ; \
	then \
		mkdir $(DIR_OBJ) ; \
	fi

# Not a target:
obj/edlib.o:
#  Implicit rule search has not been done.
#  Modification time never checked.
#  File has not been updated.

# files hash-table stats:
# Load=42/1024=4%, Rehash=0, Collisions=1/87=1%
# VPATH Search Paths

# No 'vpath' search paths.

# No general ('VPATH' variable) search path.

# strcache buffers: 1 (0) / strings = 126 / storage = 1694 B / avg = 13 B
# current buf: size = 8162 B / used = 1694 B / count = 126 / avg = 13 B

# strcache performance: lookups = 141 / hit rate = 10%
# hash-table stats:
# Load=126/8192=2%, Rehash=0, Collisions=3/141=2%
# Finished Make data base on Sun May  8 11:55:43 2022

 
